# JRE version: OpenJDK Runtime Environment (17.0.11) (build 17.0.11+0--11852314)
# Java VM: OpenJDK 64-Bit Server VM (17.0.11+0--11852314, mixed mode, tiered, compressed oops, compressed class ptrs, g1 gc, windows-amd64)
GC Precious Log:
 CPUs: 4 total, 4 available
 Memory: 8088M
 Large Page Support: Disabled
 NUMA Support: Disabled
 Compressed Oops: Enabled (32-bit)
 Heap Region Size: 1M
 Heap Min Capacity: 8M
 Heap Initial Capacity: 128M
 Heap Max Capacity: 2024M
 Pre-touch: Disabled
 Parallel Workers: 4
 Concurrent Workers: 1
 Concurrent Refinement Workers: 4
 Periodic GC: Disabled
Heap:
 garbage-first heap   total 167936K, used 91535K [0x0000000081800000, 0x0000000100000000)
  region size 1024K, 26 young (26624K), 2 survivors (2048K)
 Metaspace       used 83480K, committed 83776K, reserved 1179648K
  class space    used 9416K, committed 9536K, reserved 1048576K
GC Heap History (20 events):
Event: 3.894 GC heap before
{Heap before GC invocations=17 (full 0):
 garbage-first heap   total 60416K, used 34358K [0x0000000081800000, 0x0000000100000000)
  region size 1024K, 3 young (3072K), 2 survivors (2048K)
 Metaspace       used 49771K, committed 49984K, reserved 1114112K
  class space    used 6050K, committed 6144K, reserved 1048576K
}
Event: 3.903 GC heap after
{Heap after GC invocations=18 (full 0):
 garbage-first heap   total 73728K, used 31531K [0x0000000081800000, 0x0000000100000000)
  region size 1024K, 1 young (1024K), 1 survivors (1024K)
 Metaspace       used 49771K, committed 49984K, reserved 1114112K
  class space    used 6050K, committed 6144K, reserved 1048576K
}
Event: 4.652 GC heap before
{Heap before GC invocations=18 (full 0):
 garbage-first heap   total 73728K, used 54059K [0x0000000081800000, 0x0000000100000000)
  region size 1024K, 23 young (23552K), 1 survivors (1024K)
 Metaspace       used 53943K, committed 54144K, reserved 1114112K
  class space    used 6458K, committed 6528K, reserved 1048576K
}
Event: 4.662 GC heap after
{Heap after GC invocations=19 (full 0):
 garbage-first heap   total 73728K, used 34551K [0x0000000081800000, 0x0000000100000000)
  region size 1024K, 3 young (3072K), 3 survivors (3072K)
 Metaspace       used 53943K, committed 54144K, reserved 1114112K
  class space    used 6458K, committed 6528K, reserved 1048576K
}
Event: 5.245 GC heap before
{Heap before GC invocations=19 (full 0):
 garbage-first heap   total 73728K, used 56055K [0x0000000081800000, 0x0000000100000000)
  region size 1024K, 24 young (24576K), 3 survivors (3072K)
 Metaspace       used 54623K, committed 54848K, reserved 1114112K
  class space    used 6475K, committed 6592K, reserved 1048576K
}
Event: 5.256 GC heap after
{Heap after GC invocations=20 (full 0):
 garbage-first heap   total 73728K, used 38472K [0x0000000081800000, 0x0000000100000000)
  region size 1024K, 3 young (3072K), 3 survivors (3072K)
 Metaspace       used 54623K, committed 54848K, reserved 1114112K
  class space    used 6475K, committed 6592K, reserved 1048576K
}
Event: 5.530 GC heap before
{Heap before GC invocations=20 (full 0):
 garbage-first heap   total 73728K, used 56904K [0x0000000081800000, 0x0000000100000000)
  region size 1024K, 21 young (21504K), 3 survivors (3072K)
 Metaspace       used 54867K, committed 55104K, reserved 1114112K
  class space    used 6491K, committed 6592K, reserved 1048576K
}
Event: 5.546 GC heap after
{Heap after GC invocations=21 (full 0):
 garbage-first heap   total 73728K, used 42210K [0x0000000081800000, 0x0000000100000000)
  region size 1024K, 3 young (3072K), 3 survivors (3072K)
 Metaspace       used 54867K, committed 55104K, reserved 1114112K
  class space    used 6491K, committed 6592K, reserved 1048576K
}
Event: 5.676 GC heap before
{Heap before GC invocations=21 (full 0):
 garbage-first heap   total 83968K, used 56546K [0x0000000081800000, 0x0000000100000000)
  region size 1024K, 17 young (17408K), 3 survivors (3072K)
 Metaspace       used 55052K, committed 55232K, reserved 1114112K
  class space    used 6510K, committed 6592K, reserved 1048576K
}
Event: 5.686 GC heap after
{Heap after GC invocations=22 (full 0):
 garbage-first heap   total 167936K, used 43187K [0x0000000081800000, 0x0000000100000000)
  region size 1024K, 1 young (1024K), 1 survivors (1024K)
 Metaspace       used 55052K, committed 55232K, reserved 1114112K
  class space    used 6510K, committed 6592K, reserved 1048576K
}
Event: 7.853 GC heap before
{Heap before GC invocations=23 (full 0):
 garbage-first heap   total 167936K, used 115891K [0x0000000081800000, 0x0000000100000000)
  region size 1024K, 72 young (73728K), 1 survivors (1024K)
 Metaspace       used 62592K, committed 62784K, reserved 1114112K
  class space    used 7465K, committed 7552K, reserved 1048576K
}
Event: 7.871 GC heap after
{Heap after GC invocations=24 (full 0):
 garbage-first heap   total 167936K, used 51081K [0x0000000081800000, 0x0000000100000000)
  region size 1024K, 9 young (9216K), 9 survivors (9216K)
 Metaspace       used 62592K, committed 62784K, reserved 1114112K
  class space    used 7465K, committed 7552K, reserved 1048576K
}
Event: 7.916 GC heap before
{Heap before GC invocations=24 (full 0):
 garbage-first heap   total 167936K, used 52105K [0x0000000081800000, 0x0000000100000000)
  region size 1024K, 10 young (10240K), 9 survivors (9216K)
 Metaspace       used 62594K, committed 62784K, reserved 1114112K
  class space    used 7466K, committed 7552K, reserved 1048576K
}
Event: 7.930 GC heap after
{Heap after GC invocations=25 (full 0):
 garbage-first heap   total 167936K, used 51186K [0x0000000081800000, 0x0000000100000000)
  region size 1024K, 1 young (1024K), 1 survivors (1024K)
 Metaspace       used 62594K, committed 62784K, reserved 1114112K
  class space    used 7466K, committed 7552K, reserved 1048576K
}
Event: 10.702 GC heap before
{Heap before GC invocations=25 (full 0):
 garbage-first heap   total 167936K, used 121842K [0x0000000081800000, 0x0000000100000000)
  region size 1024K, 70 young (71680K), 1 survivors (1024K)
 Metaspace       used 70322K, committed 70592K, reserved 1114112K
  class space    used 8145K, committed 8256K, reserved 1048576K
}
Event: 10.719 GC heap after
{Heap after GC invocations=26 (full 0):
 garbage-first heap   total 167936K, used 60350K [0x0000000081800000, 0x0000000100000000)
  region size 1024K, 9 young (9216K), 9 survivors (9216K)
 Metaspace       used 70322K, committed 70592K, reserved 1114112K
  class space    used 8145K, committed 8256K, reserved 1048576K
}
Event: 11.767 GC heap before
{Heap before GC invocations=26 (full 0):
 garbage-first heap   total 167936K, used 123838K [0x0000000081800000, 0x0000000100000000)
  region size 1024K, 71 young (72704K), 9 survivors (9216K)
 Metaspace       used 78660K, committed 78848K, reserved 1179648K
  class space    used 9010K, committed 9088K, reserved 1048576K
}
Event: 11.788 GC heap after
{Heap after GC invocations=27 (full 0):
 garbage-first heap   total 167936K, used 66428K [0x0000000081800000, 0x0000000100000000)
  region size 1024K, 6 young (6144K), 6 survivors (6144K)
 Metaspace       used 78660K, committed 78848K, reserved 1179648K
  class space    used 9010K, committed 9088K, reserved 1048576K
}
Event: 12.580 GC heap before
{Heap before GC invocations=27 (full 0):
 garbage-first heap   total 167936K, used 126844K [0x0000000081800000, 0x0000000100000000)
  region size 1024K, 65 young (66560K), 6 survivors (6144K)
 Metaspace       used 81931K, committed 82240K, reserved 1179648K
  class space    used 9308K, committed 9408K, reserved 1048576K
}
Event: 12.591 GC heap after
{Heap after GC invocations=28 (full 0):
 garbage-first heap   total 167936K, used 69007K [0x0000000081800000, 0x0000000100000000)
  region size 1024K, 2 young (2048K), 2 survivors (2048K)
 Metaspace       used 81931K, committed 82240K, reserved 1179648K
  class space    used 9308K, committed 9408K, reserved 1048576K
}

