# JRE version: OpenJDK Runtime Environment (17.0.11) (build 17.0.11+0--11852314)
# Java VM: OpenJDK 64-Bit Server VM (17.0.11+0--11852314, mixed mode, tiered, compressed oops, compressed class ptrs, g1 gc, windows-amd64)
GC Precious Log:
 CPUs: 4 total, 4 available
 Memory: 8088M
 Large Page Support: Disabled
 NUMA Support: Disabled
 Compressed Oops: Enabled (32-bit)
 Heap Region Size: 1M
 Heap Min Capacity: 8M
 Heap Initial Capacity: 128M
 Heap Max Capacity: 2G
 Pre-touch: Disabled
 Parallel Workers: 4
 Concurrent Workers: 1
 Concurrent Refinement Workers: 4
 Periodic GC: Disabled
Heap:
 garbage-first heap   total 419840K, used 219056K [0x0000000080000000, 0x0000000100000000)
  region size 1024K, 9 young (9216K), 9 survivors (9216K)
 Metaspace       used 221518K, committed 223936K, reserved 1245184K
  class space    used 29131K, committed 30336K, reserved 1048576K
GC Heap History (20 events):
Event: 3972.076 GC heap after
{Heap after GC invocations=76 (full 0):
 garbage-first heap   total 419840K, used 137702K [0x0000000080000000, 0x0000000100000000)
  region size 1024K, 3 young (3072K), 3 survivors (3072K)
 Metaspace       used 162323K, committed 164480K, reserved 1245184K
  class space    used 21787K, committed 22848K, reserved 1048576K
}
Event: 3975.283 GC heap before
{Heap before GC invocations=76 (full 0):
 garbage-first heap   total 419840K, used 196070K [0x0000000080000000, 0x0000000100000000)
  region size 1024K, 62 young (63488K), 3 survivors (3072K)
 Metaspace       used 162622K, committed 164928K, reserved 1245184K
  class space    used 21839K, committed 22912K, reserved 1048576K
}
Event: 3975.293 GC heap after
{Heap after GC invocations=77 (full 0):
 garbage-first heap   total 419840K, used 141519K [0x0000000080000000, 0x0000000100000000)
  region size 1024K, 7 young (7168K), 7 survivors (7168K)
 Metaspace       used 162622K, committed 164928K, reserved 1245184K
  class space    used 21839K, committed 22912K, reserved 1048576K
}
Event: 4549.509 GC heap before
{Heap before GC invocations=78 (full 0):
 garbage-first heap   total 419840K, used 386255K [0x0000000080000000, 0x0000000100000000)
  region size 1024K, 186 young (190464K), 7 survivors (7168K)
 Metaspace       used 177546K, committed 179968K, reserved 1245184K
  class space    used 24239K, committed 25408K, reserved 1048576K
}
Event: 4549.556 GC heap after
{Heap after GC invocations=79 (full 0):
 garbage-first heap   total 419840K, used 182077K [0x0000000080000000, 0x0000000100000000)
  region size 1024K, 21 young (21504K), 21 survivors (21504K)
 Metaspace       used 177546K, committed 179968K, reserved 1245184K
  class space    used 24239K, committed 25408K, reserved 1048576K
}
Event: 4549.569 GC heap before
{Heap before GC invocations=79 (full 0):
 garbage-first heap   total 419840K, used 183101K [0x0000000080000000, 0x0000000100000000)
  region size 1024K, 22 young (22528K), 21 survivors (21504K)
 Metaspace       used 177650K, committed 180032K, reserved 1245184K
  class space    used 24252K, committed 25408K, reserved 1048576K
}
Event: 4549.626 GC heap after
{Heap after GC invocations=80 (full 0):
 garbage-first heap   total 419840K, used 175506K [0x0000000080000000, 0x0000000100000000)
  region size 1024K, 2 young (2048K), 2 survivors (2048K)
 Metaspace       used 177650K, committed 180032K, reserved 1245184K
  class space    used 24252K, committed 25408K, reserved 1048576K
}
Event: 4549.850 GC heap before
{Heap before GC invocations=80 (full 0):
 garbage-first heap   total 419840K, used 190866K [0x0000000080000000, 0x0000000100000000)
  region size 1024K, 18 young (18432K), 2 survivors (2048K)
 Metaspace       used 180194K, committed 182592K, reserved 1245184K
  class space    used 24573K, committed 25728K, reserved 1048576K
}
Event: 4549.854 GC heap after
{Heap after GC invocations=81 (full 0):
 garbage-first heap   total 419840K, used 174125K [0x0000000080000000, 0x0000000100000000)
  region size 1024K, 1 young (1024K), 1 survivors (1024K)
 Metaspace       used 180194K, committed 182592K, reserved 1245184K
  class space    used 24573K, committed 25728K, reserved 1048576K
}
Event: 4551.779 GC heap before
{Heap before GC invocations=82 (full 0):
 garbage-first heap   total 419840K, used 352301K [0x0000000080000000, 0x0000000100000000)
  region size 1024K, 162 young (165888K), 1 survivors (1024K)
 Metaspace       used 186890K, committed 189312K, reserved 1245184K
  class space    used 25339K, committed 26496K, reserved 1048576K
}
Event: 4551.821 GC heap after
{Heap after GC invocations=83 (full 0):
 garbage-first heap   total 419840K, used 211926K [0x0000000080000000, 0x0000000100000000)
  region size 1024K, 21 young (21504K), 21 survivors (21504K)
 Metaspace       used 186890K, committed 189312K, reserved 1245184K
  class space    used 25339K, committed 26496K, reserved 1048576K
}
Event: 4551.838 GC heap before
{Heap before GC invocations=83 (full 0):
 garbage-first heap   total 419840K, used 212950K [0x0000000080000000, 0x0000000100000000)
  region size 1024K, 22 young (22528K), 21 survivors (21504K)
 Metaspace       used 186997K, committed 189440K, reserved 1245184K
  class space    used 25347K, committed 26496K, reserved 1048576K
}
Event: 4551.874 GC heap after
{Heap after GC invocations=84 (full 0):
 garbage-first heap   total 419840K, used 203189K [0x0000000080000000, 0x0000000100000000)
  region size 1024K, 2 young (2048K), 2 survivors (2048K)
 Metaspace       used 186997K, committed 189440K, reserved 1245184K
  class space    used 25347K, committed 26496K, reserved 1048576K
}
Event: 4553.497 GC heap before
{Heap before GC invocations=84 (full 0):
 garbage-first heap   total 419840K, used 320949K [0x0000000080000000, 0x0000000100000000)
  region size 1024K, 118 young (120832K), 2 survivors (2048K)
 Metaspace       used 200998K, committed 203392K, reserved 1245184K
  class space    used 26937K, committed 28096K, reserved 1048576K
}
Event: 4553.516 GC heap after
{Heap after GC invocations=85 (full 0):
 garbage-first heap   total 419840K, used 208309K [0x0000000080000000, 0x0000000100000000)
  region size 1024K, 7 young (7168K), 7 survivors (7168K)
 Metaspace       used 200998K, committed 203392K, reserved 1245184K
  class space    used 26937K, committed 28096K, reserved 1048576K
}
Event: 4555.349 GC heap before
{Heap before GC invocations=86 (full 0):
 garbage-first heap   total 419840K, used 340405K [0x0000000080000000, 0x0000000100000000)
  region size 1024K, 135 young (138240K), 7 survivors (7168K)
 Metaspace       used 211116K, committed 213504K, reserved 1245184K
  class space    used 28107K, committed 29248K, reserved 1048576K
}
Event: 4555.365 GC heap after
{Heap after GC invocations=87 (full 0):
 garbage-first heap   total 419840K, used 215258K [0x0000000080000000, 0x0000000100000000)
  region size 1024K, 14 young (14336K), 14 survivors (14336K)
 Metaspace       used 211116K, committed 213504K, reserved 1245184K
  class space    used 28107K, committed 29248K, reserved 1048576K
}
Event: 4555.472 GC heap before
{Heap before GC invocations=87 (full 0):
 garbage-first heap   total 419840K, used 220378K [0x0000000080000000, 0x0000000100000000)
  region size 1024K, 20 young (20480K), 14 survivors (14336K)
 Metaspace       used 212077K, committed 214464K, reserved 1245184K
  class space    used 28185K, committed 29312K, reserved 1048576K
}
Event: 4555.498 GC heap after
{Heap after GC invocations=88 (full 0):
 garbage-first heap   total 419840K, used 212635K [0x0000000080000000, 0x0000000100000000)
  region size 1024K, 2 young (2048K), 2 survivors (2048K)
 Metaspace       used 212077K, committed 214464K, reserved 1245184K
  class space    used 28185K, committed 29312K, reserved 1048576K
}
Event: 4556.934 GC heap before
{Heap before GC invocations=88 (full 0):
 garbage-first heap   total 419840K, used 315035K [0x0000000080000000, 0x0000000100000000)
  region size 1024K, 103 young (105472K), 2 survivors (2048K)
 Metaspace       used 221518K, committed 223936K, reserved 1245184K
  class space    used 29131K, committed 30336K, reserved 1048576K
}

