# JRE version: OpenJDK Runtime Environment (17.0.11) (build 17.0.11+0--11852314)
# Java VM: OpenJDK 64-Bit Server VM (17.0.11+0--11852314, mixed mode, tiered, compressed oops, compressed class ptrs, g1 gc, windows-amd64)
GC Precious Log:
 CPUs: 4 total, 4 available
 Memory: 8088M
 Large Page Support: Disabled
 NUMA Support: Disabled
 Compressed Oops: Enabled (32-bit)
 Heap Region Size: 1M
 Heap Min Capacity: 8M
 Heap Initial Capacity: 128M
 Heap Max Capacity: 2G
 Pre-touch: Disabled
 Parallel Workers: 4
 Concurrent Workers: 1
 Concurrent Refinement Workers: 4
 Periodic GC: Disabled
Heap:
 garbage-first heap   total 358400K, used 134665K [0x0000000080000000, 0x0000000100000000)
  region size 1024K, 9 young (9216K), 9 survivors (9216K)
 Metaspace       used 146254K, committed 147840K, reserved 1179648K
  class space    used 19665K, committed 20480K, reserved 1048576K
GC Heap History (20 events):
Event: 1976.827 GC heap after
{Heap after GC invocations=76 (full 0):
 garbage-first heap   total 358400K, used 137605K [0x0000000080000000, 0x0000000100000000)
  region size 1024K, 2 young (2048K), 2 survivors (2048K)
 Metaspace       used 145655K, committed 147328K, reserved 1179648K
  class space    used 19668K, committed 20480K, reserved 1048576K
}
Event: 2016.708 GC heap before
{Heap before GC invocations=76 (full 0):
 garbage-first heap   total 358400K, used 215429K [0x0000000080000000, 0x0000000100000000)
  region size 1024K, 79 young (80896K), 2 survivors (2048K)
 Metaspace       used 145726K, committed 147328K, reserved 1179648K
  class space    used 19668K, committed 20480K, reserved 1048576K
}
Event: 2016.725 GC heap after
{Heap after GC invocations=77 (full 0):
 garbage-first heap   total 358400K, used 144347K [0x0000000080000000, 0x0000000100000000)
  region size 1024K, 9 young (9216K), 9 survivors (9216K)
 Metaspace       used 145726K, committed 147328K, reserved 1179648K
  class space    used 19668K, committed 20480K, reserved 1048576K
}
Event: 2055.511 GC heap before
{Heap before GC invocations=78 (full 0):
 garbage-first heap   total 358400K, used 330715K [0x0000000080000000, 0x0000000100000000)
  region size 1024K, 146 young (149504K), 9 survivors (9216K)
 Metaspace       used 145788K, committed 147392K, reserved 1179648K
  class space    used 19670K, committed 20480K, reserved 1048576K
}
Event: 2055.516 GC heap after
{Heap after GC invocations=79 (full 0):
 garbage-first heap   total 358400K, used 132841K [0x0000000080000000, 0x0000000100000000)
  region size 1024K, 2 young (2048K), 2 survivors (2048K)
 Metaspace       used 145788K, committed 147392K, reserved 1179648K
  class space    used 19670K, committed 20480K, reserved 1048576K
}
Event: 2055.632 GC heap before
{Heap before GC invocations=79 (full 0):
 garbage-first heap   total 358400K, used 147177K [0x0000000080000000, 0x0000000100000000)
  region size 1024K, 17 young (17408K), 2 survivors (2048K)
 Metaspace       used 145799K, committed 147392K, reserved 1179648K
  class space    used 19670K, committed 20480K, reserved 1048576K
}
Event: 2055.642 GC heap after
{Heap after GC invocations=80 (full 0):
 garbage-first heap   total 358400K, used 128703K [0x0000000080000000, 0x0000000100000000)
  region size 1024K, 3 young (3072K), 3 survivors (3072K)
 Metaspace       used 145799K, committed 147392K, reserved 1179648K
  class space    used 19670K, committed 20480K, reserved 1048576K
}
Event: 2056.184 GC heap before
{Heap before GC invocations=80 (full 0):
 garbage-first heap   total 358400K, used 169663K [0x0000000080000000, 0x0000000100000000)
  region size 1024K, 44 young (45056K), 3 survivors (3072K)
 Metaspace       used 145874K, committed 147456K, reserved 1179648K
  class space    used 19670K, committed 20480K, reserved 1048576K
}
Event: 2056.205 GC heap after
{Heap after GC invocations=81 (full 0):
 garbage-first heap   total 358400K, used 134552K [0x0000000080000000, 0x0000000100000000)
  region size 1024K, 9 young (9216K), 9 survivors (9216K)
 Metaspace       used 145874K, committed 147456K, reserved 1179648K
  class space    used 19670K, committed 20480K, reserved 1048576K
}
Event: 2149.069 GC heap before
{Heap before GC invocations=82 (full 0):
 garbage-first heap   total 358400K, used 332184K [0x0000000080000000, 0x0000000100000000)
  region size 1024K, 153 young (156672K), 9 survivors (9216K)
 Metaspace       used 145989K, committed 147584K, reserved 1179648K
  class space    used 19670K, committed 20480K, reserved 1048576K
}
Event: 2149.096 GC heap after
{Heap after GC invocations=83 (full 0):
 garbage-first heap   total 358400K, used 137623K [0x0000000080000000, 0x0000000100000000)
  region size 1024K, 12 young (12288K), 12 survivors (12288K)
 Metaspace       used 145989K, committed 147584K, reserved 1179648K
  class space    used 19670K, committed 20480K, reserved 1048576K
}
Event: 2149.164 GC heap before
{Heap before GC invocations=83 (full 0):
 garbage-first heap   total 358400K, used 141719K [0x0000000080000000, 0x0000000100000000)
  region size 1024K, 17 young (17408K), 12 survivors (12288K)
 Metaspace       used 145989K, committed 147584K, reserved 1179648K
  class space    used 19670K, committed 20480K, reserved 1048576K
}
Event: 2149.227 GC heap after
{Heap after GC invocations=84 (full 0):
 garbage-first heap   total 358400K, used 136399K [0x0000000080000000, 0x0000000100000000)
  region size 1024K, 3 young (3072K), 3 survivors (3072K)
 Metaspace       used 145989K, committed 147584K, reserved 1179648K
  class space    used 19670K, committed 20480K, reserved 1048576K
}
Event: 2150.050 GC heap before
{Heap before GC invocations=84 (full 0):
 garbage-first heap   total 358400K, used 183503K [0x0000000080000000, 0x0000000100000000)
  region size 1024K, 50 young (51200K), 3 survivors (3072K)
 Metaspace       used 146100K, committed 147712K, reserved 1179648K
  class space    used 19670K, committed 20480K, reserved 1048576K
}
Event: 2150.062 GC heap after
{Heap after GC invocations=85 (full 0):
 garbage-first heap   total 358400K, used 142044K [0x0000000080000000, 0x0000000100000000)
  region size 1024K, 8 young (8192K), 8 survivors (8192K)
 Metaspace       used 146100K, committed 147712K, reserved 1179648K
  class space    used 19670K, committed 20480K, reserved 1048576K
}
Event: 2258.254 GC heap before
{Heap before GC invocations=86 (full 0):
 garbage-first heap   total 358400K, used 327680K [0x0000000080000000, 0x0000000100000000)
  region size 1024K, 142 young (145408K), 8 survivors (8192K)
 Metaspace       used 146142K, committed 147776K, reserved 1179648K
  class space    used 19664K, committed 20480K, reserved 1048576K
}
Event: 2258.277 GC heap after
{Heap after GC invocations=87 (full 0):
 garbage-first heap   total 358400K, used 141991K [0x0000000080000000, 0x0000000100000000)
  region size 1024K, 10 young (10240K), 10 survivors (10240K)
 Metaspace       used 146142K, committed 147776K, reserved 1179648K
  class space    used 19664K, committed 20480K, reserved 1048576K
}
Event: 2258.337 GC heap before
{Heap before GC invocations=87 (full 0):
 garbage-first heap   total 358400K, used 149159K [0x0000000080000000, 0x0000000100000000)
  region size 1024K, 17 young (17408K), 10 survivors (10240K)
 Metaspace       used 146142K, committed 147776K, reserved 1179648K
  class space    used 19664K, committed 20480K, reserved 1048576K
}
Event: 2258.366 GC heap after
{Heap after GC invocations=88 (full 0):
 garbage-first heap   total 358400K, used 127171K [0x0000000080000000, 0x0000000100000000)
  region size 1024K, 1 young (1024K), 1 survivors (1024K)
 Metaspace       used 146142K, committed 147776K, reserved 1179648K
  class space    used 19664K, committed 20480K, reserved 1048576K
}
Event: 2259.350 GC heap before
{Heap before GC invocations=88 (full 0):
 garbage-first heap   total 358400K, used 186563K [0x0000000080000000, 0x0000000100000000)
  region size 1024K, 60 young (61440K), 1 survivors (1024K)
 Metaspace       used 146254K, committed 147840K, reserved 1179648K
  class space    used 19665K, committed 20480K, reserved 1048576K
}

