# JRE version: OpenJDK Runtime Environment (17.0.11) (build 17.0.11+0--11852314)
# Java VM: OpenJDK 64-Bit Server VM (17.0.11+0--11852314, mixed mode, tiered, compressed oops, compressed class ptrs, g1 gc, windows-amd64)
GC Precious Log:
 CPUs: 4 total, 4 available
 Memory: 8088M
 Large Page Support: Disabled
 NUMA Support: Disabled
 Compressed Oops: Enabled (32-bit)
 Heap Region Size: 1M
 Heap Min Capacity: 8M
 Heap Initial Capacity: 128M
 Heap Max Capacity: 2024M
 Pre-touch: Disabled
 Parallel Workers: 4
 Concurrent Workers: 1
 Concurrent Refinement Workers: 4
 Periodic GC: Disabled
Heap:
 garbage-first heap   total 160768K, used 103604K [0x0000000081800000, 0x0000000100000000)
  region size 1024K, 54 young (55296K), 8 survivors (8192K)
 Metaspace       used 76416K, committed 76672K, reserved 1179648K
  class space    used 8759K, committed 8832K, reserved 1048576K
GC Heap History (20 events):
Event: 3.858 GC heap before
{Heap before GC invocations=14 (full 0):
 garbage-first heap   total 55296K, used 42633K [0x0000000081800000, 0x0000000100000000)
  region size 1024K, 16 young (16384K), 3 survivors (3072K)
 Metaspace       used 47110K, committed 47296K, reserved 1114112K
  class space    used 5724K, committed 5824K, reserved 1048576K
}
Event: 3.865 GC heap after
{Heap after GC invocations=15 (full 0):
 garbage-first heap   total 55296K, used 30448K [0x0000000081800000, 0x0000000100000000)
  region size 1024K, 1 young (1024K), 1 survivors (1024K)
 Metaspace       used 47110K, committed 47296K, reserved 1114112K
  class space    used 5724K, committed 5824K, reserved 1048576K
}
Event: 4.098 GC heap before
{Heap before GC invocations=16 (full 0):
 garbage-first heap   total 61440K, used 42736K [0x0000000081800000, 0x0000000100000000)
  region size 1024K, 14 young (14336K), 1 survivors (1024K)
 Metaspace       used 49450K, committed 49600K, reserved 1114112K
  class space    used 6016K, committed 6080K, reserved 1048576K
}
Event: 4.101 GC heap after
{Heap after GC invocations=17 (full 0):
 garbage-first heap   total 61440K, used 31417K [0x0000000081800000, 0x0000000100000000)
  region size 1024K, 2 young (2048K), 2 survivors (2048K)
 Metaspace       used 49450K, committed 49600K, reserved 1114112K
  class space    used 6016K, committed 6080K, reserved 1048576K
}
Event: 4.128 GC heap before
{Heap before GC invocations=17 (full 0):
 garbage-first heap   total 61440K, used 32441K [0x0000000081800000, 0x0000000100000000)
  region size 1024K, 3 young (3072K), 2 survivors (2048K)
 Metaspace       used 49649K, committed 49856K, reserved 1114112K
  class space    used 6044K, committed 6144K, reserved 1048576K
}
Event: 4.133 GC heap after
{Heap after GC invocations=18 (full 0):
 garbage-first heap   total 73728K, used 30348K [0x0000000081800000, 0x0000000100000000)
  region size 1024K, 1 young (1024K), 1 survivors (1024K)
 Metaspace       used 49649K, committed 49856K, reserved 1114112K
  class space    used 6044K, committed 6144K, reserved 1048576K
}
Event: 5.023 GC heap before
{Heap before GC invocations=18 (full 0):
 garbage-first heap   total 73728K, used 54924K [0x0000000081800000, 0x0000000100000000)
  region size 1024K, 26 young (26624K), 1 survivors (1024K)
 Metaspace       used 54039K, committed 54336K, reserved 1114112K
  class space    used 6469K, committed 6592K, reserved 1048576K
}
Event: 5.034 GC heap after
{Heap after GC invocations=19 (full 0):
 garbage-first heap   total 73728K, used 33781K [0x0000000081800000, 0x0000000100000000)
  region size 1024K, 4 young (4096K), 4 survivors (4096K)
 Metaspace       used 54039K, committed 54336K, reserved 1114112K
  class space    used 6469K, committed 6592K, reserved 1048576K
}
Event: 5.858 GC heap before
{Heap before GC invocations=19 (full 0):
 garbage-first heap   total 73728K, used 56309K [0x0000000081800000, 0x0000000100000000)
  region size 1024K, 26 young (26624K), 4 survivors (4096K)
 Metaspace       used 54635K, committed 54912K, reserved 1114112K
  class space    used 6478K, committed 6592K, reserved 1048576K
}
Event: 5.871 GC heap after
{Heap after GC invocations=20 (full 0):
 garbage-first heap   total 73728K, used 37913K [0x0000000081800000, 0x0000000100000000)
  region size 1024K, 4 young (4096K), 4 survivors (4096K)
 Metaspace       used 54635K, committed 54912K, reserved 1114112K
  class space    used 6478K, committed 6592K, reserved 1048576K
}
Event: 6.184 GC heap before
{Heap before GC invocations=20 (full 0):
 garbage-first heap   total 73728K, used 56345K [0x0000000081800000, 0x0000000100000000)
  region size 1024K, 22 young (22528K), 4 survivors (4096K)
 Metaspace       used 55048K, committed 55232K, reserved 1114112K
  class space    used 6513K, committed 6592K, reserved 1048576K
}
Event: 6.201 GC heap after
{Heap after GC invocations=21 (full 0):
 garbage-first heap   total 73728K, used 41173K [0x0000000081800000, 0x0000000100000000)
  region size 1024K, 3 young (3072K), 3 survivors (3072K)
 Metaspace       used 55048K, committed 55232K, reserved 1114112K
  class space    used 6513K, committed 6592K, reserved 1048576K
}
Event: 6.310 GC heap before
{Heap before GC invocations=21 (full 0):
 garbage-first heap   total 92160K, used 57557K [0x0000000081800000, 0x0000000100000000)
  region size 1024K, 19 young (19456K), 3 survivors (3072K)
 Metaspace       used 55063K, committed 55296K, reserved 1114112K
  class space    used 6513K, committed 6592K, reserved 1048576K
}
Event: 6.317 GC heap after
{Heap after GC invocations=22 (full 0):
 garbage-first heap   total 160768K, used 42268K [0x0000000081800000, 0x0000000100000000)
  region size 1024K, 1 young (1024K), 1 survivors (1024K)
 Metaspace       used 55063K, committed 55296K, reserved 1114112K
  class space    used 6513K, committed 6592K, reserved 1048576K
}
Event: 8.334 GC heap before
{Heap before GC invocations=23 (full 0):
 garbage-first heap   total 160768K, used 112924K [0x0000000081800000, 0x0000000100000000)
  region size 1024K, 70 young (71680K), 1 survivors (1024K)
 Metaspace       used 62718K, committed 62912K, reserved 1114112K
  class space    used 7469K, committed 7552K, reserved 1048576K
}
Event: 8.351 GC heap after
{Heap after GC invocations=24 (full 0):
 garbage-first heap   total 160768K, used 50257K [0x0000000081800000, 0x0000000100000000)
  region size 1024K, 9 young (9216K), 9 survivors (9216K)
 Metaspace       used 62718K, committed 62912K, reserved 1114112K
  class space    used 7469K, committed 7552K, reserved 1048576K
}
Event: 8.397 GC heap before
{Heap before GC invocations=24 (full 0):
 garbage-first heap   total 160768K, used 51281K [0x0000000081800000, 0x0000000100000000)
  region size 1024K, 10 young (10240K), 9 survivors (9216K)
 Metaspace       used 62804K, committed 63040K, reserved 1114112K
  class space    used 7479K, committed 7552K, reserved 1048576K
}
Event: 8.411 GC heap after
{Heap after GC invocations=25 (full 0):
 garbage-first heap   total 160768K, used 50679K [0x0000000081800000, 0x0000000100000000)
  region size 1024K, 1 young (1024K), 1 survivors (1024K)
 Metaspace       used 62804K, committed 63040K, reserved 1114112K
  class space    used 7479K, committed 7552K, reserved 1048576K
}
Event: 10.967 GC heap before
{Heap before GC invocations=25 (full 0):
 garbage-first heap   total 160768K, used 115191K [0x0000000081800000, 0x0000000100000000)
  region size 1024K, 64 young (65536K), 1 survivors (1024K)
 Metaspace       used 69810K, committed 70080K, reserved 1114112K
  class space    used 8070K, committed 8192K, reserved 1048576K
}
Event: 10.983 GC heap after
{Heap after GC invocations=26 (full 0):
 garbage-first heap   total 160768K, used 57524K [0x0000000081800000, 0x0000000100000000)
  region size 1024K, 8 young (8192K), 8 survivors (8192K)
 Metaspace       used 69810K, committed 70080K, reserved 1114112K
  class space    used 8070K, committed 8192K, reserved 1048576K
}

